<?xml version="1.0" encoding="UTF-8"?>
<!-- Generated by org.testng.reporters.JUnitReportReporter -->
<testsuite hostname="Jays-MacBook-Pro.local" failures="0" tests="1" name="testcase.TC_002_CreateLead" time="0.000" errors="0" timestamp="2023-04-16T16:18:14 GST" skipped="1">
  <testcase classname="testcase.TC_002_CreateLead" name="runCreateLead" time="0.000">
    <skipped/>
  </testcase> <!-- runCreateLead -->
  <system-out/>
</testsuite> <!-- testcase.TC_002_CreateLead -->
