<?xml version="1.0" encoding="UTF-8"?>
<!-- Generated by org.testng.reporters.JUnitReportReporter -->
<testsuite hostname="Jays-MacBook-Pro.local" failures="0" tests="1" name="testcase.TC_001_LoginTest" time="0.000" errors="0" timestamp="2023-04-17T09:09:32 GST" skipped="1">
  <testcase classname="testcase.TC_001_LoginTest" name="runLogin" time="0.000">
    <skipped/>
  </testcase> <!-- runLogin -->
  <system-out/>
</testsuite> <!-- testcase.TC_001_LoginTest -->
